01 14:55:50.227 |fsm-xx-tgrMS:~ # iperf -s -p 7800 -u -f m -i 1 -l 1400 -B 30.61.2.23
01 14:56:04.093 |------------------------------------------------------------
01 14:56:04.093 |Server listening on UDP port 7800
01 14:56:04.093 |Binding to local address 30.61.2.23
01 14:56:04.093 |Receiving 1400 byte datagrams
01 14:56:04.093 |UDP buffer size: 0.08 MByte (default)
01 14:56:04.093 |------------------------------------------------------------
01 14:56:07.171 |[  3] local 30.61.2.23 port 7800 connected with 185.4.0.8 port 7800
01 14:56:08.187 |[ ID] Interval       Transfer     Bandwidth        Jitter   Lost/Total Datagrams
01 14:56:08.187 |[  3]  0.0- 1.0 sec  0.03 MBytes  0.28 Mbits/sec  28.679 ms    0/   25 (0%)
01 14:56:09.227 |[  3]  1.0- 2.0 sec  0.03 MBytes  0.28 Mbits/sec  35.195 ms    0/   25 (0%)
01 14:56:10.235 |[  3]  2.0- 3.0 sec  0.04 MBytes  0.34 Mbits/sec  29.735 ms    0/   30 (0%)
01 14:56:11.203 |[  3]  3.0- 4.0 sec  0.03 MBytes  0.28 Mbits/sec  33.161 ms    0/   25 (0%)
01 14:56:12.179 |[  3]  4.0- 5.0 sec  0.03 MBytes  0.26 Mbits/sec  37.391 ms    0/   23 (0%)
01 14:56:13.175 |[  3]  5.0- 6.0 sec  0.03 MBytes  0.26 Mbits/sec  36.605 ms    1/   24 (4.2%)
01 14:56:14.203 |[  3]  6.0- 7.0 sec  0.04 MBytes  0.36 Mbits/sec  101.875 ms  988/ 1020 (97%)
01 14:56:15.183 |[  3]  7.0- 8.0 sec  0.03 MBytes  0.27 Mbits/sec  50.271 ms    0/   24 (0%)
01 14:56:16.199 |[  3]  8.0- 9.0 sec  0.03 MBytes  0.29 Mbits/sec  37.481 ms    0/   26 (0%)
01 14:56:17.199 |[  3]  9.0-10.0 sec  0.03 MBytes  0.26 Mbits/sec  38.057 ms    0/   23 (0%)
01 14:56:18.187 |[  3] 10.0-11.0 sec  0.03 MBytes  0.28 Mbits/sec  36.337 ms    0/   25 (0%)
01 14:56:19.183 |[  3] 11.0-12.0 sec  0.04 MBytes  0.31 Mbits/sec  32.307 ms    0/   28 (0%)
01 14:56:19.667 |[  3]  0.0-12.5 sec  0.43 MBytes  0.29 Mbits/sec  172.485 ms 1462/ 1786 (82%) 
01 14:56:19.679 |^CWaiting for server threads to complete. Interrupt again to force quit. 
